Analysis & Synthesis report for Verilog1
Thu Apr 27 11:17:18 2023
Quartus II Version 8.1 Build 163 10/28/2008 SJ Web Edition


---------------------
; Table of Contents ;
---------------------
  1. Legal Notice
  2. Analysis & Synthesis Summary
  3. Analysis & Synthesis Settings
  4. Analysis & Synthesis Source Files Read
  5. Analysis & Synthesis Resource Usage Summary
  6. Analysis & Synthesis Resource Utilization by Entity
  7. Registers Removed During Synthesis
  8. General Register Statistics
  9. Inverted Register Statistics
 10. Source assignments for lpm_add_sub:Add1|addcore:adder
 11. Source assignments for lpm_add_sub:Add0|addcore:adder
 12. Parameter Settings for Inferred Entity Instance: lpm_add_sub:Add1
 13. Parameter Settings for Inferred Entity Instance: lpm_add_sub:Add0
 14. Analysis & Synthesis Messages



----------------
; Legal Notice ;
----------------
Copyright (C) 1991-2008 Altera Corporation
Your use of Altera Corporation's design tools, logic functions 
and other software and tools, and its AMPP partner logic 
functions, and any output files from any of the foregoing 
(including device programming or simulation files), and any 
associated documentation or information are expressly subject 
to the terms and conditions of the Altera Program License 
Subscription Agreement, Altera MegaCore Function License 
Agreement, or other applicable license agreement, including, 
without limitation, that your use is for the sole purpose of 
programming logic devices manufactured by Altera and sold by 
Altera or its authorized distributors.  Please refer to the 
applicable agreement for further details.



+-----------------------------------------------------------------------+
; Analysis & Synthesis Summary                                          ;
+-----------------------------+-----------------------------------------+
; Analysis & Synthesis Status ; Successful - Thu Apr 27 11:17:18 2023   ;
; Quartus II Version          ; 8.1 Build 163 10/28/2008 SJ Web Edition ;
; Revision Name               ; Verilog1                                ;
; Top-level Entity Name       ; Verilog1                                ;
; Family                      ; FLEX10K                                 ;
; Total logic elements        ; 35                                      ;
; Total pins                  ; 20                                      ;
; Total memory bits           ; 0                                       ;
+-----------------------------+-----------------------------------------+


+-----------------------------------------------------------------------------------------------+
; Analysis & Synthesis Settings                                                                 ;
+----------------------------------------------------------------+--------------+---------------+
; Option                                                         ; Setting      ; Default Value ;
+----------------------------------------------------------------+--------------+---------------+
; Top-level entity name                                          ; Verilog1     ; Verilog1      ;
; Family name                                                    ; FLEX10K      ; Stratix II    ;
; Type of Retiming Performed During Resynthesis                  ; Full         ;               ;
; Resynthesis Optimization Effort                                ; Normal       ;               ;
; Physical Synthesis Level for Resynthesis                       ; Normal       ;               ;
; Use Generated Physical Constraints File                        ; On           ;               ;
; Use smart compilation                                          ; Off          ; Off           ;
; Create Debugging Nodes for IP Cores                            ; Off          ; Off           ;
; Preserve fewer node names                                      ; On           ; On            ;
; Disable OpenCore Plus hardware evaluation                      ; Off          ; Off           ;
; Verilog Version                                                ; Verilog_2001 ; Verilog_2001  ;
; VHDL Version                                                   ; VHDL93       ; VHDL93        ;
; State Machine Processing                                       ; Auto         ; Auto          ;
; Safe State Machine                                             ; Off          ; Off           ;
; Extract Verilog State Machines                                 ; On           ; On            ;
; Extract VHDL State Machines                                    ; On           ; On            ;
; Ignore Verilog initial constructs                              ; Off          ; Off           ;
; Iteration limit for constant Verilog loops                     ; 5000         ; 5000          ;
; Iteration limit for non-constant Verilog loops                 ; 250          ; 250           ;
; Add Pass-Through Logic to Inferred RAMs                        ; On           ; On            ;
; Parallel Synthesis                                             ; Off          ; Off           ;
; NOT Gate Push-Back                                             ; On           ; On            ;
; Power-Up Don't Care                                            ; On           ; On            ;
; Remove Redundant Logic Cells                                   ; Off          ; Off           ;
; Remove Duplicate Registers                                     ; On           ; On            ;
; Ignore CARRY Buffers                                           ; Off          ; Off           ;
; Ignore CASCADE Buffers                                         ; Off          ; Off           ;
; Ignore GLOBAL Buffers                                          ; Off          ; Off           ;
; Ignore ROW GLOBAL Buffers                                      ; Off          ; Off           ;
; Ignore LCELL Buffers                                           ; Off          ; Off           ;
; Ignore SOFT Buffers                                            ; On           ; On            ;
; Limit AHDL Integers to 32 Bits                                 ; Off          ; Off           ;
; Auto Implement in ROM                                          ; Off          ; Off           ;
; Optimization Technique                                         ; Area         ; Area          ;
; Carry Chain Length                                             ; 32           ; 32            ;
; Cascade Chain Length                                           ; 2            ; 2             ;
; Auto Carry Chains                                              ; On           ; On            ;
; Auto Open-Drain Pins                                           ; On           ; On            ;
; Auto ROM Replacement                                           ; On           ; On            ;
; Auto RAM Replacement                                           ; On           ; On            ;
; Auto Clock Enable Replacement                                  ; On           ; On            ;
; Strict RAM Replacement                                         ; Off          ; Off           ;
; Auto Resource Sharing                                          ; Off          ; Off           ;
; Allow Any RAM Size For Recognition                             ; Off          ; Off           ;
; Allow Any ROM Size For Recognition                             ; Off          ; Off           ;
; Use LogicLock Constraints during Resource Balancing            ; On           ; On            ;
; Ignore translate_off and synthesis_off directives              ; Off          ; Off           ;
; Show Parameter Settings Tables in Synthesis Report             ; On           ; On            ;
; HDL message level                                              ; Level2       ; Level2        ;
; Suppress Register Optimization Related Messages                ; Off          ; Off           ;
; Number of Removed Registers Reported in Synthesis Report       ; 100          ; 100           ;
; Number of Inverted Registers Reported in Synthesis Report      ; 100          ; 100           ;
; Block Design Naming                                            ; Auto         ; Auto          ;
; Synthesis Effort                                               ; Auto         ; Auto          ;
; Allows Asynchronous Clear Usage For Shift Register Replacement ; On           ; On            ;
; Analysis & Synthesis Message Level                             ; Medium       ; Medium        ;
+----------------------------------------------------------------+--------------+---------------+


+---------------------------------------------------------------------------------------------------------------------------------------------------------------+
; Analysis & Synthesis Source Files Read                                                                                                                        ;
+----------------------------------+-----------------+------------------------+---------------------------------------------------------------------------------+
; File Name with User-Entered Path ; Used in Netlist ; File Type              ; File Name with Absolute Path                                                    ;
+----------------------------------+-----------------+------------------------+---------------------------------------------------------------------------------+
; Verilog1.v                       ; yes             ; User Verilog HDL File  ; D:/New folder/altera/81/quartus/Verilog1.v                                      ;
; lpm_add_sub.tdf                  ; yes             ; Megafunction           ; d:/new folder/altera/81/quartus/libraries/megafunctions/lpm_add_sub.tdf         ;
; addcore.inc                      ; yes             ; Megafunction           ; d:/new folder/altera/81/quartus/libraries/megafunctions/addcore.inc             ;
; look_add.inc                     ; yes             ; Megafunction           ; d:/new folder/altera/81/quartus/libraries/megafunctions/look_add.inc            ;
; bypassff.inc                     ; yes             ; Megafunction           ; d:/new folder/altera/81/quartus/libraries/megafunctions/bypassff.inc            ;
; altshift.inc                     ; yes             ; Megafunction           ; d:/new folder/altera/81/quartus/libraries/megafunctions/altshift.inc            ;
; alt_stratix_add_sub.inc          ; yes             ; Megafunction           ; d:/new folder/altera/81/quartus/libraries/megafunctions/alt_stratix_add_sub.inc ;
; alt_mercury_add_sub.inc          ; yes             ; Megafunction           ; d:/new folder/altera/81/quartus/libraries/megafunctions/alt_mercury_add_sub.inc ;
; aglobal81.inc                    ; yes             ; Megafunction           ; d:/new folder/altera/81/quartus/libraries/megafunctions/aglobal81.inc           ;
; addcore.tdf                      ; yes             ; Megafunction           ; d:/new folder/altera/81/quartus/libraries/megafunctions/addcore.tdf             ;
; a_csnbuffer.inc                  ; yes             ; Megafunction           ; d:/new folder/altera/81/quartus/libraries/megafunctions/a_csnbuffer.inc         ;
; a_csnbuffer.tdf                  ; yes             ; Megafunction           ; d:/new folder/altera/81/quartus/libraries/megafunctions/a_csnbuffer.tdf         ;
; altshift.tdf                     ; yes             ; Megafunction           ; d:/new folder/altera/81/quartus/libraries/megafunctions/altshift.tdf            ;
+----------------------------------+-----------------+------------------------+---------------------------------------------------------------------------------+


+-----------------------------------------------+
; Analysis & Synthesis Resource Usage Summary   ;
+-----------------------------------+-----------+
; Resource                          ; Usage     ;
+-----------------------------------+-----------+
; Total logic elements              ; 35        ;
; Total combinational functions     ; 35        ;
;     -- Total 4-input functions    ; 15        ;
;     -- Total 3-input functions    ; 6         ;
;     -- Total 2-input functions    ; 13        ;
;     -- Total 1-input functions    ; 1         ;
;     -- Total 0-input functions    ; 0         ;
; Total registers                   ; 6         ;
; Total logic cells in carry chains ; 9         ;
; I/O pins                          ; 20        ;
; Maximum fan-out node              ; opcode[2] ;
; Maximum fan-out                   ; 10        ;
; Total fan-out                     ; 133       ;
; Average fan-out                   ; 2.42      ;
+-----------------------------------+-----------+


+-------------------------------------------------------------------------------------------------------------------------------------------------------------------------------------------------------------------------------------------------------------+
; Analysis & Synthesis Resource Utilization by Entity                                                                                                                                                                                                         ;
+------------------------------------+-------------+--------------+-------------+------+--------------+-------------------+------------------+-----------------+------------+------------------------------------------------------------------+--------------+
; Compilation Hierarchy Node         ; Logic Cells ; LC Registers ; Memory Bits ; Pins ; LUT-Only LCs ; Register-Only LCs ; LUT/Register LCs ; Carry Chain LCs ; Packed LCs ; Full Hierarchy Name                                              ; Library Name ;
+------------------------------------+-------------+--------------+-------------+------+--------------+-------------------+------------------+-----------------+------------+------------------------------------------------------------------+--------------+
; |Verilog1                          ; 35 (27)     ; 6            ; 0           ; 20   ; 29 (21)      ; 0 (0)             ; 6 (6)            ; 9 (1)           ; 0 (0)      ; |Verilog1                                                        ; work         ;
;    |lpm_add_sub:Add0|              ; 4 (0)       ; 0            ; 0           ; 0    ; 4 (0)        ; 0 (0)             ; 0 (0)            ; 4 (0)           ; 0 (0)      ; |Verilog1|lpm_add_sub:Add0                                       ; work         ;
;       |addcore:adder|              ; 4 (0)       ; 0            ; 0           ; 0    ; 4 (0)        ; 0 (0)             ; 0 (0)            ; 4 (0)           ; 0 (0)      ; |Verilog1|lpm_add_sub:Add0|addcore:adder                         ; work         ;
;          |a_csnbuffer:result_node| ; 4 (4)       ; 0            ; 0           ; 0    ; 4 (4)        ; 0 (0)             ; 0 (0)            ; 4 (4)           ; 0 (0)      ; |Verilog1|lpm_add_sub:Add0|addcore:adder|a_csnbuffer:result_node ; work         ;
;    |lpm_add_sub:Add1|              ; 4 (0)       ; 0            ; 0           ; 0    ; 4 (0)        ; 0 (0)             ; 0 (0)            ; 4 (0)           ; 0 (0)      ; |Verilog1|lpm_add_sub:Add1                                       ; work         ;
;       |addcore:adder|              ; 4 (1)       ; 0            ; 0           ; 0    ; 4 (1)        ; 0 (0)             ; 0 (0)            ; 4 (1)           ; 0 (0)      ; |Verilog1|lpm_add_sub:Add1|addcore:adder                         ; work         ;
;          |a_csnbuffer:result_node| ; 3 (3)       ; 0            ; 0           ; 0    ; 3 (3)        ; 0 (0)             ; 0 (0)            ; 3 (3)           ; 0 (0)      ; |Verilog1|lpm_add_sub:Add1|addcore:adder|a_csnbuffer:result_node ; work         ;
+------------------------------------+-------------+--------------+-------------+------+--------------+-------------------+------------------+-----------------+------------+------------------------------------------------------------------+--------------+
Note: For table entries with two numbers listed, the numbers in parentheses indicate the number of resources of the given type used by the specific entity alone. The numbers listed outside of parentheses indicate the total resources of the given type used by the specific entity and all of its sub-entities in the hierarchy.


+---------------------------------------------------------------+
; Registers Removed During Synthesis                            ;
+---------------------------------------+-----------------------+
; Register name                         ; Reason for Removal    ;
+---------------------------------------+-----------------------+
; SF~reg0                               ; Merged with C[3]~reg0 ;
; Total Number of Removed Registers = 1 ;                       ;
+---------------------------------------+-----------------------+


+------------------------------------------------------+
; General Register Statistics                          ;
+----------------------------------------------+-------+
; Statistic                                    ; Value ;
+----------------------------------------------+-------+
; Total registers                              ; 6     ;
; Number of registers using Synchronous Clear  ; 0     ;
; Number of registers using Synchronous Load   ; 0     ;
; Number of registers using Asynchronous Clear ; 6     ;
; Number of registers using Asynchronous Load  ; 0     ;
; Number of registers using Clock Enable       ; 0     ;
; Number of registers using Preset             ; 0     ;
+----------------------------------------------+-------+


+--------------------------------------------------+
; Inverted Register Statistics                     ;
+----------------------------------------+---------+
; Inverted Register                      ; Fan out ;
+----------------------------------------+---------+
; ZF~reg0                                ; 1       ;
; Total number of inverted registers = 1 ;         ;
+----------------------------------------+---------+


+-------------------------------------------------------+
; Source assignments for lpm_add_sub:Add1|addcore:adder ;
+---------------------------+-------+------+------------+
; Assignment                ; Value ; From ; To         ;
+---------------------------+-------+------+------------+
; SUPPRESS_DA_RULE_INTERNAL ; A103  ; -    ; -          ;
+---------------------------+-------+------+------------+


+-------------------------------------------------------+
; Source assignments for lpm_add_sub:Add0|addcore:adder ;
+---------------------------+-------+------+------------+
; Assignment                ; Value ; From ; To         ;
+---------------------------+-------+------+------------+
; SUPPRESS_DA_RULE_INTERNAL ; A103  ; -    ; -          ;
+---------------------------+-------+------+------------+


+-------------------------------------------------------------------+
; Parameter Settings for Inferred Entity Instance: lpm_add_sub:Add1 ;
+------------------------+-------------+----------------------------+
; Parameter Name         ; Value       ; Type                       ;
+------------------------+-------------+----------------------------+
; LPM_WIDTH              ; 5           ; Untyped                    ;
; LPM_REPRESENTATION     ; UNSIGNED    ; Untyped                    ;
; LPM_DIRECTION          ; ADD         ; Untyped                    ;
; ONE_INPUT_IS_CONSTANT  ; NO          ; Untyped                    ;
; LPM_PIPELINE           ; 0           ; Untyped                    ;
; MAXIMIZE_SPEED         ; 5           ; Untyped                    ;
; REGISTERED_AT_END      ; 0           ; Untyped                    ;
; OPTIMIZE_FOR_SPEED     ; 1           ; Untyped                    ;
; USE_CS_BUFFERS         ; 1           ; Untyped                    ;
; CARRY_CHAIN            ; MANUAL      ; Untyped                    ;
; CARRY_CHAIN_LENGTH     ; 48          ; CARRY_CHAIN_LENGTH         ;
; DEVICE_FAMILY          ; FLEX10K     ; Untyped                    ;
; USE_WYS                ; OFF         ; Untyped                    ;
; STYLE                  ; FAST        ; Untyped                    ;
; CBXI_PARAMETER         ; add_sub_ojh ; Untyped                    ;
; AUTO_CARRY_CHAINS      ; ON          ; AUTO_CARRY                 ;
; IGNORE_CARRY_BUFFERS   ; OFF         ; IGNORE_CARRY               ;
; AUTO_CASCADE_CHAINS    ; ON          ; AUTO_CASCADE               ;
; IGNORE_CASCADE_BUFFERS ; OFF         ; IGNORE_CASCADE             ;
+------------------------+-------------+----------------------------+
Note: In order to hide this table in the UI and the text report file, please set the "Show Parameter Settings Tables in Synthesis Report" option in "Analysis and Synthesis Settings -> More Settings" to "Off".


+-------------------------------------------------------------------+
; Parameter Settings for Inferred Entity Instance: lpm_add_sub:Add0 ;
+------------------------+-------------+----------------------------+
; Parameter Name         ; Value       ; Type                       ;
+------------------------+-------------+----------------------------+
; LPM_WIDTH              ; 5           ; Untyped                    ;
; LPM_REPRESENTATION     ; UNSIGNED    ; Untyped                    ;
; LPM_DIRECTION          ; ADD         ; Untyped                    ;
; ONE_INPUT_IS_CONSTANT  ; NO          ; Untyped                    ;
; LPM_PIPELINE           ; 0           ; Untyped                    ;
; MAXIMIZE_SPEED         ; 5           ; Untyped                    ;
; REGISTERED_AT_END      ; 0           ; Untyped                    ;
; OPTIMIZE_FOR_SPEED     ; 1           ; Untyped                    ;
; USE_CS_BUFFERS         ; 1           ; Untyped                    ;
; CARRY_CHAIN            ; MANUAL      ; Untyped                    ;
; CARRY_CHAIN_LENGTH     ; 48          ; CARRY_CHAIN_LENGTH         ;
; DEVICE_FAMILY          ; FLEX10K     ; Untyped                    ;
; USE_WYS                ; OFF         ; Untyped                    ;
; STYLE                  ; FAST        ; Untyped                    ;
; CBXI_PARAMETER         ; add_sub_ojh ; Untyped                    ;
; AUTO_CARRY_CHAINS      ; ON          ; AUTO_CARRY                 ;
; IGNORE_CARRY_BUFFERS   ; OFF         ; IGNORE_CARRY               ;
; AUTO_CASCADE_CHAINS    ; ON          ; AUTO_CASCADE               ;
; IGNORE_CASCADE_BUFFERS ; OFF         ; IGNORE_CASCADE             ;
+------------------------+-------------+----------------------------+
Note: In order to hide this table in the UI and the text report file, please set the "Show Parameter Settings Tables in Synthesis Report" option in "Analysis and Synthesis Settings -> More Settings" to "Off".


+-------------------------------+
; Analysis & Synthesis Messages ;
+-------------------------------+
Info: *******************************************************************
Info: Running Quartus II Analysis & Synthesis
    Info: Version 8.1 Build 163 10/28/2008 SJ Web Edition
    Info: Processing started: Thu Apr 27 11:17:17 2023
Info: Command: quartus_map --read_settings_files=on --write_settings_files=off Verilog1 -c Verilog1
Info: Found 1 design units, including 1 entities, in source file Verilog1.v
    Info: Found entity 1: Verilog1
Warning: EDA synthesis tool is specified as "Custom", but Library Mapping File is not specified
Warning: EDA synthesis tool is specified as "Custom", but VCC is not specified
Warning: EDA synthesis tool is specified as "Custom", but GND is not specified
Info: Elaborating entity "Verilog1" for the top level hierarchy
Info: Inferred 2 megafunctions from design logic
    Info: Inferred adder/subtractor megafunction ("lpm_add_sub") from the following logic: "Add1"
    Info: Inferred adder/subtractor megafunction ("lpm_add_sub") from the following logic: "Add0"
Info: Elaborated megafunction instantiation "lpm_add_sub:Add1"
Info: Instantiated megafunction "lpm_add_sub:Add1" with the following parameter:
    Info: Parameter "LPM_WIDTH" = "5"
    Info: Parameter "LPM_DIRECTION" = "ADD"
    Info: Parameter "LPM_REPRESENTATION" = "UNSIGNED"
    Info: Parameter "ONE_INPUT_IS_CONSTANT" = "NO"
Info: Elaborated megafunction instantiation "lpm_add_sub:Add1|addcore:adder", which is child of megafunction instantiation "lpm_add_sub:Add1"
Info: Elaborated megafunction instantiation "lpm_add_sub:Add1|addcore:adder|a_csnbuffer:oflow_node", which is child of megafunction instantiation "lpm_add_sub:Add1"
Info: Elaborated megafunction instantiation "lpm_add_sub:Add1|addcore:adder|a_csnbuffer:result_node", which is child of megafunction instantiation "lpm_add_sub:Add1"
Info: Elaborated megafunction instantiation "lpm_add_sub:Add1|altshift:result_ext_latency_ffs", which is child of megafunction instantiation "lpm_add_sub:Add1"
Info: Elaborated megafunction instantiation "lpm_add_sub:Add1|altshift:carry_ext_latency_ffs", which is child of megafunction instantiation "lpm_add_sub:Add1"
Info: Elaborated megafunction instantiation "lpm_add_sub:Add0"
Info: Instantiated megafunction "lpm_add_sub:Add0" with the following parameter:
    Info: Parameter "LPM_WIDTH" = "5"
    Info: Parameter "LPM_DIRECTION" = "ADD"
    Info: Parameter "LPM_REPRESENTATION" = "UNSIGNED"
    Info: Parameter "ONE_INPUT_IS_CONSTANT" = "NO"
Info: Registers with preset signals will power-up high
Info: Implemented 55 device resources after synthesis - the final resource count might be different
    Info: Implemented 13 input pins
    Info: Implemented 7 output pins
    Info: Implemented 35 logic cells
Info: Quartus II Analysis & Synthesis was successful. 0 errors, 3 warnings
    Info: Peak virtual memory: 224 megabytes
    Info: Processing ended: Thu Apr 27 11:17:18 2023
    Info: Elapsed time: 00:00:01
    Info: Total CPU time (on all processors): 00:00:00


